<?xml version="1.0" encoding="UTF-8"?>
<TestRun id="239b68ae-61e8-457d-8e61-ede28e0e8451" name="hefangshi@HEFANGSHI-PC 2013-01-21 23:55:53" runUser="hefangshi-PC\hefangshi" xmlns="http://microsoft.com/schemas/VisualStudio/TeamTest/2010">
  <TestSettings name="Local" id="dc9b742f-e5e2-429a-820d-79383eeb8920">
    <Description>These are default test settings for a local test run.</Description>
    <Deployment enabled="false" runDeploymentRoot="hefangshi_HEFANGSHI-PC 2013-01-21 23_55_53">
      <DeploymentItem filename="D:\Code\dolspider\Dol.Base\bin\Debug\Dol.Base.dll" />
      <DeploymentItem filename="D:\Code\dolspider\DolSearch\bin\Debug\DolSearch.dll" />
    </Deployment>
    <Execution>
      <TestTypeSpecific />
      <AgentRule name="Execution Agents">
      </AgentRule>
    </Execution>
  </TestSettings>
  <Times creation="2013-01-21T23:55:53.0993513+08:00" queuing="2013-01-21T23:55:54.6014372+08:00" start="2013-01-21T23:55:54.7624464+08:00" finish="2013-01-21T23:58:06.1099591+08:00" />
  <ResultSummary outcome="Error">
    <Counters total="1" executed="1" error="0" failed="0" timeout="0" aborted="1" inconclusive="0" passedButRunAborted="0" notRunnable="0" notExecuted="0" disconnected="0" warning="0" passed="0" completed="0" inProgress="0" pending="0" />
    <RunInfos>
      <RunInfo computerName="HEFANGSHI-PC" outcome="Error" timestamp="2013-01-21T23:58:06.1059589+08:00">
        <Text>Test host process exited unexpectedly.</Text>
      </RunInfo>
    </RunInfos>
  </ResultSummary>
  <TestDefinitions>
    <UnitTest name="ComputeTest" storage="d:\code\dolspider\dolsearch.test\bin\debug\dolsearch.test.dll" id="4c5d95ff-d51d-ddf1-0a3c-da6d963cb132">
      <Execution id="8b170a60-635d-4a83-b1c5-6ecd1cfa965c" />
      <TestMethod codeBase="D:/Code/dolspider/DolSearch.Test/bin/Debug/DolSearch.Test.DLL" adapterTypeName="Microsoft.VisualStudio.TestTools.TestTypes.Unit.UnitTestAdapter, Microsoft.VisualStudio.QualityTools.Tips.UnitTest.Adapter, Version=10.0.0.0, Culture=neutral, PublicKeyToken=b03f5f7f11d50a3a" className="DolSearch.Test.LevenshteinDistanceTest, DolSearch.Test, Version=1.0.0.0, Culture=neutral, PublicKeyToken=null" name="ComputeTest" />
    </UnitTest>
  </TestDefinitions>
  <TestLists>
    <TestList name="Results Not in a List" id="8c84fa94-04c1-424b-9868-57a2d4851a1d" />
    <TestList name="All Loaded Results" id="19431567-8539-422a-85d7-44ee4e166bda" />
  </TestLists>
  <TestEntries>
    <TestEntry testId="4c5d95ff-d51d-ddf1-0a3c-da6d963cb132" executionId="8b170a60-635d-4a83-b1c5-6ecd1cfa965c" testListId="8c84fa94-04c1-424b-9868-57a2d4851a1d" />
  </TestEntries>
  <Results>
    <UnitTestResult executionId="8b170a60-635d-4a83-b1c5-6ecd1cfa965c" testId="4c5d95ff-d51d-ddf1-0a3c-da6d963cb132" testName="ComputeTest" computerName="HEFANGSHI-PC" duration="00:02:11.1875035" startTime="2013-01-21T23:55:54.9224556+08:00" endTime="2013-01-21T23:58:06.1099591+08:00" testType="13cdc9d9-ddb5-4fa4-a97d-d965ccfc6d4b" outcome="Aborted" testListId="8c84fa94-04c1-424b-9868-57a2d4851a1d" relativeResultsDirectory="8b170a60-635d-4a83-b1c5-6ecd1cfa965c">
    </UnitTestResult>
  </Results>
</TestRun>