<?xml version="1.0" encoding="UTF-8"?>
<TestRun id="ce8d306c-4ce6-4b94-b684-3c80a090cff5" name="hefangshi@HEFANGSHI-PC 2013-01-21 23:45:11" runUser="hefangshi-PC\hefangshi" xmlns="http://microsoft.com/schemas/VisualStudio/TeamTest/2010">
  <TestSettings name="Local" id="dc9b742f-e5e2-429a-820d-79383eeb8920">
    <Description>These are default test settings for a local test run.</Description>
    <Deployment enabled="false" runDeploymentRoot="hefangshi_HEFANGSHI-PC 2013-01-21 23_45_11">
      <DeploymentItem filename="D:\Code\dolspider\Dol.Base\bin\Debug\Dol.Base.dll" />
      <DeploymentItem filename="D:\Code\dolspider\DolSearch\bin\Debug\DolSearch.dll" />
    </Deployment>
    <Execution>
      <TestTypeSpecific />
      <AgentRule name="Execution Agents">
      </AgentRule>
    </Execution>
  </TestSettings>
  <Times creation="2013-01-21T23:45:11.0146262+08:00" queuing="2013-01-21T23:45:12.5607146+08:00" start="2013-01-21T23:45:12.7177236+08:00" finish="2013-01-21T23:45:39.0022270+08:00" />
  <ResultSummary outcome="Failed">
    <Counters total="1" executed="1" error="0" failed="1" timeout="0" aborted="0" inconclusive="0" passedButRunAborted="0" notRunnable="0" notExecuted="0" disconnected="0" warning="0" passed="0" completed="0" inProgress="0" pending="0" />
  </ResultSummary>
  <TestDefinitions>
    <UnitTest name="ComputeTest" storage="d:\code\dolspider\dolsearch.test\bin\debug\dolsearch.test.dll" id="4c5d95ff-d51d-ddf1-0a3c-da6d963cb132">
      <Execution id="187cf45a-63bf-404f-a814-39cc040aa7fc" />
      <TestMethod codeBase="D:/Code/dolspider/DolSearch.Test/bin/Debug/DolSearch.Test.DLL" adapterTypeName="Microsoft.VisualStudio.TestTools.TestTypes.Unit.UnitTestAdapter, Microsoft.VisualStudio.QualityTools.Tips.UnitTest.Adapter, Version=10.0.0.0, Culture=neutral, PublicKeyToken=b03f5f7f11d50a3a" className="DolSearch.Test.LevenshteinDistanceTest, DolSearch.Test, Version=1.0.0.0, Culture=neutral, PublicKeyToken=null" name="ComputeTest" />
    </UnitTest>
  </TestDefinitions>
  <TestLists>
    <TestList name="Results Not in a List" id="8c84fa94-04c1-424b-9868-57a2d4851a1d" />
    <TestList name="All Loaded Results" id="19431567-8539-422a-85d7-44ee4e166bda" />
  </TestLists>
  <TestEntries>
    <TestEntry testId="4c5d95ff-d51d-ddf1-0a3c-da6d963cb132" executionId="187cf45a-63bf-404f-a814-39cc040aa7fc" testListId="8c84fa94-04c1-424b-9868-57a2d4851a1d" />
  </TestEntries>
  <Results>
    <UnitTestResult executionId="187cf45a-63bf-404f-a814-39cc040aa7fc" testId="4c5d95ff-d51d-ddf1-0a3c-da6d963cb132" testName="ComputeTest" computerName="HEFANGSHI-PC" duration="00:00:24.3083382" startTime="2013-01-21T23:45:12.8787328+08:00" endTime="2013-01-21T23:45:38.6082044+08:00" testType="13cdc9d9-ddb5-4fa4-a97d-d965ccfc6d4b" outcome="Failed" testListId="8c84fa94-04c1-424b-9868-57a2d4851a1d" relativeResultsDirectory="187cf45a-63bf-404f-a814-39cc040aa7fc">
      <Output>
        <ErrorInfo>
          <Message>Assert.AreEqual failed. Expected:&lt;3&gt;. Actual:&lt;2&gt;. </Message>
          <StackTrace>   at DolSearch.Test.LevenshteinDistanceTest.ComputeTest() in D:\Code\dolspider\DolSearch.Test\LevenshteinDistanceTest.cs:line 80
</StackTrace>
        </ErrorInfo>
      </Output>
    </UnitTestResult>
  </Results>
</TestRun>