<?xml version="1.0" encoding="UTF-8"?>
<TestRun id="3880fdab-a096-4a09-af25-92f2fa301473" name="hefangshi@HEFANGSHI-PC 2013-01-22 00:28:50" runUser="hefangshi-PC\hefangshi" xmlns="http://microsoft.com/schemas/VisualStudio/TeamTest/2010">
  <TestSettings name="Local" id="dc9b742f-e5e2-429a-820d-79383eeb8920">
    <Description>These are default test settings for a local test run.</Description>
    <Deployment enabled="false" runDeploymentRoot="hefangshi_HEFANGSHI-PC 2013-01-22 00_28_50">
      <DeploymentItem filename="D:\Code\dolspider\Dol.Base\bin\Debug\Dol.Base.dll" />
      <DeploymentItem filename="D:\Code\dolspider\DolSearch\bin\Debug\DolSearch.dll" />
    </Deployment>
    <Execution>
      <TestTypeSpecific />
      <AgentRule name="Execution Agents">
      </AgentRule>
    </Execution>
  </TestSettings>
  <Times creation="2013-01-22T00:28:50.8954748+08:00" queuing="2013-01-22T00:28:52.3725593+08:00" start="2013-01-22T00:28:52.5345685+08:00" finish="2013-01-22T00:30:01.3055020+08:00" />
  <ResultSummary outcome="Error">
    <Counters total="1" error="0" failed="0" timeout="0" aborted="0" inconclusive="0" passedButRunAborted="0" notRunnable="0" notExecuted="0" disconnected="0" warning="0" passed="0" completed="0" inProgress="0" pending="0" />
    <RunInfos>
      <RunInfo computerName="HEFANGSHI-PC" outcome="Error" timestamp="2013-01-22T00:30:01.3045020+08:00">
        <Text>Test host process exited unexpectedly.</Text>
      </RunInfo>
    </RunInfos>
  </ResultSummary>
  <TestDefinitions>
    <UnitTest name="DolRouteLDConstructorTest" storage="d:\code\dolspider\dolsearch.test\bin\debug\dolsearch.test.dll" id="4963c816-dffa-4324-b0fa-a1d076176177">
      <Execution id="f39d87b5-2104-48f6-b7f4-71f99d7a803c" />
      <TestMethod codeBase="D:/Code/dolspider/DolSearch.Test/bin/Debug/DolSearch.Test.DLL" adapterTypeName="Microsoft.VisualStudio.TestTools.TestTypes.Unit.UnitTestAdapter, Microsoft.VisualStudio.QualityTools.Tips.UnitTest.Adapter, Version=10.0.0.0, Culture=neutral, PublicKeyToken=b03f5f7f11d50a3a" className="DolSearch.Test.DolRouteLDTest, DolSearch.Test, Version=1.0.0.0, Culture=neutral, PublicKeyToken=null" name="DolRouteLDConstructorTest" />
    </UnitTest>
  </TestDefinitions>
  <TestLists>
    <TestList name="Results Not in a List" id="8c84fa94-04c1-424b-9868-57a2d4851a1d" />
    <TestList name="All Loaded Results" id="19431567-8539-422a-85d7-44ee4e166bda" />
  </TestLists>
  <TestEntries>
    <TestEntry testId="4963c816-dffa-4324-b0fa-a1d076176177" executionId="f39d87b5-2104-48f6-b7f4-71f99d7a803c" testListId="8c84fa94-04c1-424b-9868-57a2d4851a1d" />
  </TestEntries>
  <Results>
    <UnitTestResult executionId="f39d87b5-2104-48f6-b7f4-71f99d7a803c" testId="4963c816-dffa-4324-b0fa-a1d076176177" testName="DolRouteLDConstructorTest" computerName="HEFANGSHI-PC" duration="00:00:53.4025938" startTime="2013-01-22T00:28:52.6925776+08:00" testType="13cdc9d9-ddb5-4fa4-a97d-d965ccfc6d4b" outcome="Failed" testListId="8c84fa94-04c1-424b-9868-57a2d4851a1d" relativeResultsDirectory="f39d87b5-2104-48f6-b7f4-71f99d7a803c">
      <Output>
        <ErrorInfo>
          <Message>Test method DolSearch.Test.DolRouteLDTest.DolRouteLDConstructorTest threw exception: 
System.Collections.Generic.KeyNotFoundException: The given key was not present in the dictionary.</Message>
          <StackTrace>    at System.Collections.Generic.Dictionary`2.get_Item(TKey key)
   at DolSearch.LD.DolRouteLD.&lt;Compute&gt;b__2(String city) in D:\Code\dolspider\DolSearch\LD\DolRouteLD.cs:line 36
   at System.Linq.Enumerable.WhereSelectArrayIterator`2.MoveNext()
   at System.Linq.Buffer`1..ctor(IEnumerable`1 source)
   at System.Linq.Enumerable.ToArray[TSource](IEnumerable`1 source)
   at DolSearch.LD.DolRouteLD.Compute(String[] s, String[] t) in D:\Code\dolspider\DolSearch\LD\DolRouteLD.cs:line 34
   at DolSearch.Test.DolRouteLDTest.&lt;&gt;c__DisplayClass2.&lt;DolRouteLDConstructorTest&gt;b__1(List`1 route) in D:\Code\dolspider\DolSearch.Test\DolRouteLDTest.cs:line 87
   at System.Linq.Enumerable.WhereSelectListIterator`2.MoveNext()
   at System.Linq.Enumerable.Max(IEnumerable`1 source)
   at System.Linq.Enumerable.Max[TSource](IEnumerable`1 source, Func`2 selector)
   at DolSearch.Test.DolRouteLDTest.&lt;&gt;c__DisplayClass2.&lt;DolRouteLDConstructorTest&gt;b__0(Quest quest) in D:\Code\dolspider\DolSearch.Test\DolRouteLDTest.cs:line 86
   at System.Linq.Enumerable.All[TSource](IEnumerable`1 source, Func`2 predicate)
   at DolSearch.Test.DolRouteLDTest.DolRouteLDConstructorTest() in D:\Code\dolspider\DolSearch.Test\DolRouteLDTest.cs:line 82
</StackTrace>
        </ErrorInfo>
      </Output>
    </UnitTestResult>
  </Results>
</TestRun>